[    2004ms] [WARNING] Clerk: Clerk has been loaded with development keys. Development instances have strict usage limits and should not be used when deploying your application to production. Learn more: https://clerk.com/docs/deployments/overview @ http://localhost:3002/_next/static/chunks/node_modules_next_dist_f3530cac._.js:2297
[    2005ms] [WARNING] Clerk: The prop "afterSignInUrl" is deprecated and should be replaced with the new "fallbackRedirectUrl" or "forceRedirectUrl" props instead. Learn more: https://clerk.com/docs/guides/custom-redirects#redirect-url-props @ http://localhost:3002/_next/static/chunks/node_modules_next_dist_f3530cac._.js:2297
[    3720ms] [ERROR] %o

%s Error: [CONVEX Q(companies:getById)] [Request ID: d4907e14e44398be] Server Error
ArgumentValidationError: Value does not match validator.
Path: .id
Value: "featured"
Validator: v.id("companies")


  Called by client
    at OptimisticQueryResults.queryResult (http://localhost:3002/_next/static/chunks/node_modules_convex_dist_esm_628f5162._.js:2568:19)
    at BaseConvexClient.localQueryResult (http://localhost:3002/_next/static/chunks/node_modules_convex_dist_esm_628f5162._.js:4417:44)
    at Object.localQueryResult (http://localhost:3002/_next/static/chunks/node_modules_convex_dist_esm_628f5162._.js:6172:44)
    at QueriesObserver.getLocalResults (http://localhost:3002/_next/static/chunks/node_modules_convex_dist_esm_628f5162._.js:6549:31)
    at useQueriesHelper.useMemo[subscription] (http://localhost:3002/_next/static/chunks/node_modules_convex_dist_esm_628f5162._.js:6681:41)
    at useSubscription.useEffect.checkForUpdates (http://localhost:3002/_next/static/chunks/node_modules_convex_dist_esm_628f5162._.js:5921:43)
    at basicStateReducer (http://localhost:3002/_next/static/chunks/node_modules_next_dist_compiled_react-dom_1e674e59._.js:4828:47)
    at updateReducerImpl (http://localhost:3002/_next/static/chunks/node_modules_next_dist_compiled_react-dom_1e674e59._.js:4910:79)
    at updateReducer (http://localhost:3002/_next/static/chunks/node_modules_next_dist_compiled_react-dom_1e674e59._.js:4860:16)
    at Object.useState (http://localhost:3002/_next/static/chunks/node_modules_next_dist_compiled_react-dom_1e674e59._.js:15282:24)
    at exports.useState (http://localhost:3002/_next/static/chunks/node_modules_next_dist_compiled_a0e4c7b4._.js:1754:36)
    at useSubscription (http://localhost:3002/_next/static/chunks/node_modules_convex_dist_esm_628f5162._.js:5892:205)
    at useQueriesHelper (http://localhost:3002/_next/static/chunks/node_modules_convex_dist_esm_628f5162._.js:6695:201)
    at useQueries (http://localhost:3002/_next/static/chunks/node_modules_convex_dist_esm_628f5162._.js:6661:12)
    at useQuery (http://localhost:3002/_next/static/chunks/node_modules_convex_dist_esm_628f5162._.js:6409:200)
    at ProfilePage (http://localhost:3002/_next/static/chunks/src_202f51e8._.js:1745:193)
    at Object.react_stack_bottom_frame (http://localhost:3002/_next/static/chunks/node_modules_next_dist_compiled_react-dom_1e674e59._.js:14826:24)
    at renderWithHooks (http://localhost:3002/_next/static/chunks/node_modules_next_dist_compiled_react-dom_1e674e59._.js:4651:24)
    at updateFunctionComponent (http://localhost:3002/_next/static/chunks/node_modules_next_dist_compiled_react-dom_1e674e59._.js:6112:21)
    at beginWork (http://localhost:3002/_next/static/chunks/node_modules_next_dist_compiled_react-dom_1e674e59._.js:6708:24)
    at runWithFiberInDEV (http://localhost:3002/_next/static/chunks/node_modules_next_dist_compiled_react-dom_1e674e59._.js:965:74)
    at performUnitOfWork (http://localhost:3002/_next/static/chunks/node_modules_next_dist_compiled_react-dom_1e674e59._.js:9562:97)
    at workLoopSync (http://localhost:3002/_next/static/chunks/node_modules_next_dist_compiled_react-dom_1e674e59._.js:9456:40)
    at renderRootSync (http://localhost:3002/_next/static/chunks/node_modules_next_dist_compiled_react-dom_1e674e59._.js:9440:13)
    at performWorkOnRoot (http://localhost:3002/_next/static/chunks/node_modules_next_dist_compiled_react-dom_1e674e59._.js:9105:47)
    at performWorkOnRootViaSchedulerTask (http://localhost:3002/_next/static/chunks/node_modules_next_dist_compiled_react-dom_1e674e59._.js:10230:9)
    at MessagePort.performWorkUntilDeadline (http://localhost:3002/_next/static/chunks/node_modules_next_dist_compiled_a0e4c7b4._.js:2647:64) The above error occurred in the <ProfilePage> component. It was handled by the <ErrorBoundaryHandler> error boundary. @ http://localhost:3002/_next/static/chunks/node_modules_next_dist_client_17643121._.js:1342
[    3764ms] [ERROR] Error: [CONVEX Q(companies:getById)] [Request ID: d4907e14e44398be] Server Error
ArgumentValidationError: Value does not match validator.
Path: .id
Value: "featured"
Validator: v.id("companies")


  Called by client
    at OptimisticQueryResults.queryResult (http://localhost:3002/_next/static/chunks/node_modules_convex_dist_esm_628f5162._.js:2568:19)
    at BaseConvexClient.localQueryResult (http://localhost:3002/_next/static/chunks/node_modules_convex_dist_esm_628f5162._.js:4417:44)
    at Object.localQueryResult (http://localhost:3002/_next/static/chunks/node_modules_convex_dist_esm_628f5162._.js:6172:44)
    at QueriesObserver.getLocalResults (http://localhost:3002/_next/static/chunks/node_modules_convex_dist_esm_628f5162._.js:6549:31)
    at useQueriesHelper.useMemo[subscription] (http://localhost:3002/_next/static/chunks/node_modules_convex_dist_esm_628f5162._.js:6681:41)
    at useSubscription.useEffect.checkForUpdates (http://localhost:3002/_next/static/chunks/node_modules_convex_dist_esm_628f5162._.js:5921:43)
    at basicStateReducer (http://localhost:3002/_next/static/chunks/node_modules_next_dist_compiled_react-dom_1e674e59._.js:4828:47)
    at updateReducerImpl (http://localhost:3002/_next/static/chunks/node_modules_next_dist_compiled_react-dom_1e674e59._.js:4910:79)
    at updateReducer (http://localhost:3002/_next/static/chunks/node_modules_next_dist_compiled_react-dom_1e674e59._.js:4860:16)
    at Object.useState (http://localhost:3002/_next/static/chunks/node_modules_next_dist_compiled_react-dom_1e674e59._.js:15282:24)
    at exports.useState (http://localhost:3002/_next/static/chunks/node_modules_next_dist_compiled_a0e4c7b4._.js:1754:36)
    at useSubscription (http://localhost:3002/_next/static/chunks/node_modules_convex_dist_esm_628f5162._.js:5892:205)
    at useQueriesHelper (http://localhost:3002/_next/static/chunks/node_modules_convex_dist_esm_628f5162._.js:6695:201)
    at useQueries (http://localhost:3002/_next/static/chunks/node_modules_convex_dist_esm_628f5162._.js:6661:12)
    at useQuery (http://localhost:3002/_next/static/chunks/node_modules_convex_dist_esm_628f5162._.js:6409:200)
    at ProfilePage (http://localhost:3002/_next/static/chunks/src_202f51e8._.js:1745:193)
    at Object.react_stack_bottom_frame (http://localhost:3002/_next/static/chunks/node_modules_next_dist_compiled_react-dom_1e674e59._.js:14826:24)
    at renderWithHooks (http://localhost:3002/_next/static/chunks/node_modules_next_dist_compiled_react-dom_1e674e59._.js:4651:24)
    at updateFunctionComponent (http://localhost:3002/_next/static/chunks/node_modules_next_dist_compiled_react-dom_1e674e59._.js:6112:21)
    at beginWork (http://localhost:3002/_next/static/chunks/node_modules_next_dist_compiled_react-dom_1e674e59._.js:6708:24)
    at runWithFiberInDEV (http://localhost:3002/_next/static/chunks/node_modules_next_dist_compiled_react-dom_1e674e59._.js:965:74)
    at performUnitOfWork (http://localhost:3002/_next/static/chunks/node_modules_next_dist_compiled_react-dom_1e674e59._.js:9562:97)
    at workLoopSync (http://localhost:3002/_next/static/chunks/node_modules_next_dist_compiled_react-dom_1e674e59._.js:9456:40)
    at renderRootSync (http://localhost:3002/_next/static/chunks/node_modules_next_dist_compiled_react-dom_1e674e59._.js:9440:13)
    at performWorkOnRoot (http://localhost:3002/_next/static/chunks/node_modules_next_dist_compiled_react-dom_1e674e59._.js:9105:47)
    at performWorkOnRootViaSchedulerTask (http://localhost:3002/_next/static/chunks/node_modules_next_dist_compiled_react-dom_1e674e59._.js:10230:9)
    at MessagePort.performWorkUntilDeadline (http://localhost:3002/_next/static/chunks/node_modules_next_dist_compiled_a0e4c7b4._.js:2647:64) @ http://localhost:3002/_next/static/chunks/node_modules_next_dist_f3530cac._.js:3127
[    3768ms] [ERROR] Error: [CONVEX Q(companies:getById)] [Request ID: d4907e14e44398be] Server Error
ArgumentValidationError: Value does not match validator.
Path: .id
Value: "featured"
Validator: v.id("companies")


  Called by client
    at OptimisticQueryResults.queryResult (http://localhost:3002/_next/static/chunks/node_modules_convex_dist_esm_628f5162._.js:2568:19)
    at BaseConvexClient.localQueryResult (http://localhost:3002/_next/static/chunks/node_modules_convex_dist_esm_628f5162._.js:4417:44)
    at Object.localQueryResult (http://localhost:3002/_next/static/chunks/node_modules_convex_dist_esm_628f5162._.js:6172:44)
    at QueriesObserver.getLocalResults (http://localhost:3002/_next/static/chunks/node_modules_convex_dist_esm_628f5162._.js:6549:31)
    at useQueriesHelper.useMemo[subscription] (http://localhost:3002/_next/static/chunks/node_modules_convex_dist_esm_628f5162._.js:6681:41)
    at useSubscription.useEffect.checkForUpdates (http://localhost:3002/_next/static/chunks/node_modules_convex_dist_esm_628f5162._.js:5921:43)
    at basicStateReducer (http://localhost:3002/_next/static/chunks/node_modules_next_dist_compiled_react-dom_1e674e59._.js:4828:47)
    at updateReducerImpl (http://localhost:3002/_next/static/chunks/node_modules_next_dist_compiled_react-dom_1e674e59._.js:4910:79)
    at updateReducer (http://localhost:3002/_next/static/chunks/node_modules_next_dist_compiled_react-dom_1e674e59._.js:4860:16)
    at Object.useState (http://localhost:3002/_next/static/chunks/node_modules_next_dist_compiled_react-dom_1e674e59._.js:15282:24)
    at exports.useState (http://localhost:3002/_next/static/chunks/node_modules_next_dist_compiled_a0e4c7b4._.js:1754:36)
    at useSubscription (http://localhost:3002/_next/static/chunks/node_modules_convex_dist_esm_628f5162._.js:5892:205)
    at useQueriesHelper (http://localhost:3002/_next/static/chunks/node_modules_convex_dist_esm_628f5162._.js:6695:201)
    at useQueries (http://localhost:3002/_next/static/chunks/node_modules_convex_dist_esm_628f5162._.js:6661:12)
    at useQuery (http://localhost:3002/_next/static/chunks/node_modules_convex_dist_esm_628f5162._.js:6409:200)
    at ProfilePage (http://localhost:3002/_next/static/chunks/src_202f51e8._.js:1745:193)
    at Object.react_stack_bottom_frame (http://localhost:3002/_next/static/chunks/node_modules_next_dist_compiled_react-dom_1e674e59._.js:14826:24)
    at renderWithHooks (http://localhost:3002/_next/static/chunks/node_modules_next_dist_compiled_react-dom_1e674e59._.js:4651:24)
    at updateFunctionComponent (http://localhost:3002/_next/static/chunks/node_modules_next_dist_compiled_react-dom_1e674e59._.js:6112:21)
    at beginWork (http://localhost:3002/_next/static/chunks/node_modules_next_dist_compiled_react-dom_1e674e59._.js:6708:24)
    at runWithFiberInDEV (http://localhost:3002/_next/static/chunks/node_modules_next_dist_compiled_react-dom_1e674e59._.js:965:74)
    at performUnitOfWork (http://localhost:3002/_next/static/chunks/node_modules_next_dist_compiled_react-dom_1e674e59._.js:9562:97)
    at workLoopSync (http://localhost:3002/_next/static/chunks/node_modules_next_dist_compiled_react-dom_1e674e59._.js:9456:40)
    at renderRootSync (http://localhost:3002/_next/static/chunks/node_modules_next_dist_compiled_react-dom_1e674e59._.js:9440:13)
    at performWorkOnRoot (http://localhost:3002/_next/static/chunks/node_modules_next_dist_compiled_react-dom_1e674e59._.js:9105:47)
    at performWorkOnRootViaSchedulerTask (http://localhost:3002/_next/static/chunks/node_modules_next_dist_compiled_react-dom_1e674e59._.js:10230:9)
    at MessagePort.performWorkUntilDeadline (http://localhost:3002/_next/static/chunks/node_modules_next_dist_compiled_a0e4c7b4._.js:2647:64) @ http://localhost:3002/_next/static/chunks/node_modules_next_dist_f3530cac._.js:3127
